<?xml version="1.0" encoding="UTF-8"?>
<testng-results ignored="0" total="1" passed="1" failed="0" skipped="0">
  <reporter-output>
  </reporter-output>
  <suite started-at="2025-10-28T10:02:50 IST" name="Default suite" finished-at="2025-10-28T10:02:54 IST" duration-ms="3533">
    <groups>
    </groups>
    <test started-at="2025-10-28T10:02:50 IST" name="Default test" finished-at="2025-10-28T10:02:54 IST" duration-ms="3533">
      <class name="GetResponceVerify">
        <test-method is-config="true" signature="setup()[pri:0, instance:GetResponceVerify@663c9e7a]" started-at="2025-10-28T10:02:50 IST" name="setup" finished-at="2025-10-28T10:02:51 IST" duration-ms="302" status="PASS">
          <reporter-output>
          </reporter-output>
        </test-method> <!-- setup -->
        <test-method signature="GetResponceAndVerify()[pri:0, instance:GetResponceVerify@663c9e7a]" started-at="2025-10-28T10:02:51 IST" name="GetResponceAndVerify" finished-at="2025-10-28T10:02:54 IST" duration-ms="3197" status="PASS">
          <reporter-output>
          </reporter-output>
        </test-method> <!-- GetResponceAndVerify -->
      </class> <!-- GetResponceVerify -->
    </test> <!-- Default test -->
  </suite> <!-- Default suite -->
</testng-results>
